[14-Nov-2017 07:34:01 UTC] PHP Fatal error:  Uncaught exception 'PDOException' with message 'SQLSTATE[HY000] [1049] Unknown database 'elements'' in /home/ubuntu/workspace/CST336-catalog/dbConnection.php:21
Stack trace:
#0 /home/ubuntu/workspace/CST336-catalog/dbConnection.php(21): PDO->__construct('mysql:host=loca...', 'root', '')
#1 /home/ubuntu/workspace/CST336-catalog/main.php(8): getDatabaseConnection()
#2 {main}
  thrown in /home/ubuntu/workspace/CST336-catalog/dbConnection.php on line 21
[14-Nov-2017 07:41:33 UTC] PHP Fatal error:  Uncaught exception 'PDOException' with message 'SQLSTATE[HY000] [1049] Unknown database 'online_catalog'' in /home/ubuntu/workspace/CST336-catalog/dbConnection.php:21
Stack trace:
#0 /home/ubuntu/workspace/CST336-catalog/dbConnection.php(21): PDO->__construct('mysql:host=loca...', 'root', '')
#1 /home/ubuntu/workspace/CST336-catalog/main.php(8): getDatabaseConnection()
#2 {main}
  thrown in /home/ubuntu/workspace/CST336-catalog/dbConnection.php on line 21
[14-Nov-2017 07:41:36 UTC] PHP Fatal error:  Uncaught exception 'PDOException' with message 'SQLSTATE[HY000] [1049] Unknown database 'online_catalog'' in /home/ubuntu/workspace/CST336-catalog/dbConnection.php:21
Stack trace:
#0 /home/ubuntu/workspace/CST336-catalog/dbConnection.php(21): PDO->__construct('mysql:host=loca...', 'root', '')
#1 /home/ubuntu/workspace/CST336-catalog/main.php(8): getDatabaseConnection()
#2 {main}
  thrown in /home/ubuntu/workspace/CST336-catalog/dbConnection.php on line 21
[20-Nov-2017 06:44:37 UTC] PHP Fatal error:  Uncaught exception 'PDOException' with message 'SQLSTATE[42S02]: Base table or view not found: 1146 Table 'heroku_1d86cb997b94751.users' doesn't exist' in /home/ubuntu/workspace/online_catalog/index.php:24
Stack trace:
#0 /home/ubuntu/workspace/online_catalog/index.php(24): PDOStatement->execute(Array)
#1 /home/ubuntu/workspace/online_catalog/index.php(81): loginProcess()
#2 {main}
  thrown in /home/ubuntu/workspace/online_catalog/index.php on line 24
[20-Nov-2017 06:45:54 UTC] PHP Fatal error:  Uncaught exception 'PDOException' with message 'SQLSTATE[42S02]: Base table or view not found: 1146 Table 'heroku_1d86cb997b94751.users' doesn't exist' in /home/ubuntu/workspace/online_catalog/index.php:24
Stack trace:
#0 /home/ubuntu/workspace/online_catalog/index.php(24): PDOStatement->execute(Array)
#1 /home/ubuntu/workspace/online_catalog/index.php(81): loginProcess()
#2 {main}
  thrown in /home/ubuntu/workspace/online_catalog/index.php on line 24
